#
# There is insufficient memory for the Java Runtime Environment to continue.
# Native memory allocation (mmap) failed to map 257949696 bytes. Error detail: G1 virtual space
# Possible reasons:
#   The system is out of physical RAM or swap space
#   This process is running with CompressedOops enabled, and the Java Heap may be blocking the growth of the native heap
# Possible solutions:
#   Reduce memory load on the system
#   Increase physical memory or swap space
#   Check if swap backing store is full
#   Decrease Java heap size (-Xmx/-Xms)
#   Decrease number of Java threads
#   Decrease Java thread stack sizes (-Xss)
#   Set larger code cache with -XX:ReservedCodeCacheSize=
#   JVM is running with Zero Based Compressed Oops mode in which the Java heap is
#     placed in the first 32GB address space. The Java Heap base address is the
#     maximum limit for the native heap growth. Please use -XX:HeapBaseMinAddress
#     to set the Java Heap base and to place the Java Heap above 32GB virtual address.
# This output file may be truncated or incomplete.
#
#  Out of Memory Error (os_windows.cpp:3554), pid=4400, tid=2556
#
# JRE version:  (25.0.2+10) (build )
# Java VM: OpenJDK 64-Bit Server VM (25.0.2+10-LTS, mixed mode, sharing, tiered, compressed oops, compressed class ptrs, g1 gc, windows-amd64)
# No core dump will be written. Minidumps are not enabled by default on client versions of Windows
#

---------------  S U M M A R Y ------------

Command Line: -Dfile.encoding=UTF-8 --module-path=D:\Pgramin\Java\Bank management system\bankManagment\build\classes bankmanagment.Login

Host: AMD Ryzen 5 5600G with Radeon Graphics         , 12 cores, 15G,  Windows 11 , 64 bit Build 22621 (10.0.22621.5415)
Time: Thu Jul  2 01:13:18 2026 Bangladesh Standard Time elapsed time: 0.008202 seconds (0d 0h 0m 0s)

---------------  T H R E A D  ---------------

Current thread (0x000002873a242e40):  JavaThread "Unknown thread" [_thread_in_vm, id=2556, stack(0x000000ed29d00000,0x000000ed29e00000) (1024K)]

Stack: [0x000000ed29d00000,0x000000ed29e00000]
Native frames: (J=compiled Java code, j=interpreted, Vv=VM code, C=native code)
V  [jvm.dll+0x7a8bc9]  (no source info available)
V  [jvm.dll+0x77310d]  (no source info available)
V  [jvm.dll+0x9f55f3]  (no source info available)
V  [jvm.dll+0x9f7be1]  (no source info available)
V  [jvm.dll+0x9f82f3]  (no source info available)
V  [jvm.dll+0x2fce26]  (no source info available)
V  [jvm.dll+0x7a4df5]  (no source info available)
V  [jvm.dll+0x798257]  (no source info available)
V  [jvm.dll+0x3f5248]  (no source info available)
V  [jvm.dll+0x3fd1b6]  (no source info available)
V  [jvm.dll+0x3e991e]  (no source info available)
V  [jvm.dll+0x3e9bd8]  (no source info available)
V  [jvm.dll+0x3c0c05]  (no source info available)
V  [jvm.dll+0x3c188e]  (no source info available)
V  [jvm.dll+0x9bc474]  (no source info available)
V  [jvm.dll+0x459e72]  (no source info available)
V  [jvm.dll+0x9a02a2]  (no source info available)
V  [jvm.dll+0x4fa5c1]  (no source info available)
V  [jvm.dll+0x4fbeb1]  (no source info available)
C  [jli.dll+0x53fa]  (no source info available)
C  [ucrtbase.dll+0x29333]  (no source info available)
C  [KERNEL32.DLL+0x1259d]  (no source info available)
C  [ntdll.dll+0x5af78]  (no source info available)

Lock stack of current Java thread (top to bottom):


---------------  P R O C E S S  ---------------

Threads class SMR info:
_java_thread_list=0x00007ffa8bcae008, length=0, elements={
}

Java Threads: ( => current thread )
Total: 0

Other Threads:
  0x000002873c613c90 WorkerThread "GC Thread#0"                     [id=7372, stack(0x000000ed29e00000,0x000000ed29f00000) (1024K)]
  0x000002873c62dd10 ConcurrentGCThread "G1 Main Marker"            [id=21160, stack(0x000000ed29f00000,0x000000ed2a000000) (1024K)]
  0x000002873c62fe60 WorkerThread "G1 Conc#0"                       [id=18284, stack(0x000000ed2a000000,0x000000ed2a100000) (1024K)]

[error occurred during error reporting (printing all threads), id 0xc0000005, EXCEPTION_ACCESS_VIOLATION (0xc0000005) at pc=0x00007ffa8b2d591a]
VM state: not at safepoint (not fully initialized)

VM Mutex/Monitor currently owned by a thread:  ([mutex/lock_event])
[0x00007ffa8bd36548] Heap_lock - owner thread: 0x000002873a242e40

Heap address: 0x000000070b400000, size: 3916 MB, Compressed Oops mode: Zero based, Oop shift amount: 3

CDS archive(s) mapped at: [0x0000000000000000-0x0000000000000000-0x0000000000000000), size 0, SharedBaseAddress: 0x0000000800000000, ArchiveRelocationMode: 1.
UseCompressedClassPointers 1, UseCompactObjectHeaders 0
Narrow klass pointer bits 32, Max shift 3
Narrow klass base: 0xffffffffffffffff, Narrow klass shift: -1
Encoding Range: [0xffffffffffffffff - 0x000000007fffffff), (2147483648 bytes)
Klass Range:    [0x0000000000000000 - 0x0000000000000000), (0 bytes)
Klass ID Range:  [4294967295 - 0) (1)
No protection zone.

GC Precious Log:
 CardTable entry size: 512
 Card Set container configuration: InlinePtr #cards 4 size 8 Array Of Cards #cards 16 size 48 Howl #buckets 8 coarsen threshold 3686 Howl Bitmap #cards 512 size 80 coarsen threshold 460 Card regions per heap region 1 cards per card region 4096

Heap:
 garbage-first heap   total reserved 4009984K, committed 0K, used 0K [0x000000070b400000, 0x0000000800000000)
  region size 2048K, 0 young (0K), 0 survivors (0K)

Heap Regions: E=young(eden), S=young(survivor), O=old, HS=humongous(starts), HC=humongous(continues), CS=collection set, F=free, TAMS=top-at-mark-start, PB=parsable bottom

Card table byte_map: [0x0000028754da0000,0x0000028755550000] _byte_map_base: 0x0000028751546000

Marking Bits: (CMBitMap*) 0x000002873c616330
 Bits: [0x0000028755550000, 0x0000028759280000)

GC Heap Usage History (0 events):
No events

Metaspace Usage History (0 events):
No events

Dll operation events (1 events):
Event: 0.006 Loaded shared library C:\Program Files\Apache NetBeans\jdk\bin\java.dll

Deoptimization events (0 events):
No events

Classes loaded (0 events):
No events

Classes unloaded (0 events):
No events

Classes redefined (0 events):
No events

Internal exceptions (0 events):
No events

VM Operations (0 events):
No events

Memory protections (0 events):
No events

Nmethod flushes (0 events):
No events

Events (0 events):
No events


Dynamic libraries:
0x00007ff674720000 - 0x00007ff67472e000 	C:\Program Files\Apache NetBeans\jdk\bin\java.exe
0x00007ffb1f090000 - 0x00007ffb1f2a8000 	C:\WINDOWS\SYSTEM32\ntdll.dll
0x00007ffb1deb0000 - 0x00007ffb1df74000 	C:\WINDOWS\System32\KERNEL32.DLL
0x00007ffb1c340000 - 0x00007ffb1c713000 	C:\WINDOWS\System32\KERNELBASE.dll
0x00007ffb1c7e0000 - 0x00007ffb1c8f1000 	C:\WINDOWS\System32\ucrtbase.dll
0x00007ffb0f470000 - 0x00007ffb0f48e000 	C:\Program Files\Apache NetBeans\jdk\bin\VCRUNTIME140.dll
0x00007ffb0a770000 - 0x00007ffb0a786000 	C:\Program Files\Apache NetBeans\jdk\bin\jli.dll
0x00007ffb1e780000 - 0x00007ffb1e932000 	C:\WINDOWS\System32\USER32.dll
0x00007ffb0eb20000 - 0x00007ffb0edbc000 	C:\WINDOWS\WinSxS\amd64_microsoft.windows.common-controls_6595b64144ccf1df_6.0.22621.6060_none_2712eda17382d24b\COMCTL32.dll
0x00007ffb1c1a0000 - 0x00007ffb1c1c6000 	C:\WINDOWS\System32\win32u.dll
0x00007ffb1e500000 - 0x00007ffb1e5a7000 	C:\WINDOWS\System32\msvcrt.dll
0x00007ffb1e750000 - 0x00007ffb1e779000 	C:\WINDOWS\System32\GDI32.dll
0x00007ffb1cb90000 - 0x00007ffb1ccab000 	C:\WINDOWS\System32\gdi32full.dll
0x00007ffb1ca70000 - 0x00007ffb1cb0a000 	C:\WINDOWS\System32\msvcp_win.dll
0x00007ffb1d530000 - 0x00007ffb1d561000 	C:\WINDOWS\System32\IMM32.DLL
0x00007ffb0f450000 - 0x00007ffb0f45c000 	C:\Program Files\Apache NetBeans\jdk\bin\vcruntime140_1.dll
0x00007ffb00f20000 - 0x00007ffb00fad000 	C:\Program Files\Apache NetBeans\jdk\bin\msvcp140.dll
0x00007ffa8af00000 - 0x00007ffa8be26000 	C:\Program Files\Apache NetBeans\jdk\bin\server\jvm.dll
0x00007ffb1cec0000 - 0x00007ffb1cf71000 	C:\WINDOWS\System32\ADVAPI32.dll
0x00007ffb1e450000 - 0x00007ffb1e4f8000 	C:\WINDOWS\System32\sechost.dll
0x00007ffb1ca40000 - 0x00007ffb1ca68000 	C:\WINDOWS\System32\bcrypt.dll
0x00007ffb1cda0000 - 0x00007ffb1ceb8000 	C:\WINDOWS\System32\RPCRT4.dll
0x00007ffb1efd0000 - 0x00007ffb1f041000 	C:\WINDOWS\System32\WS2_32.dll
0x00007ffb1bec0000 - 0x00007ffb1bf0d000 	C:\WINDOWS\SYSTEM32\POWRPROF.dll
0x00007ffb12df0000 - 0x00007ffb12e24000 	C:\WINDOWS\SYSTEM32\WINMM.dll
0x00007ffb15140000 - 0x00007ffb1514a000 	C:\WINDOWS\SYSTEM32\VERSION.dll
0x00007ffb1bea0000 - 0x00007ffb1beb3000 	C:\WINDOWS\SYSTEM32\UMPDC.dll
0x00007ffb1b180000 - 0x00007ffb1b198000 	C:\WINDOWS\SYSTEM32\kernel.appcore.dll
0x00007ffb0f390000 - 0x00007ffb0f39a000 	C:\Program Files\Apache NetBeans\jdk\bin\jimage.dll
0x00007ffb13980000 - 0x00007ffb13bb3000 	C:\WINDOWS\SYSTEM32\DBGHELP.DLL
0x00007ffb1df80000 - 0x00007ffb1e311000 	C:\WINDOWS\System32\combase.dll
0x00007ffb1d3a0000 - 0x00007ffb1d478000 	C:\WINDOWS\System32\OLEAUT32.dll
0x00007ffb08eb0000 - 0x00007ffb08ee2000 	C:\WINDOWS\SYSTEM32\dbgcore.DLL
0x00007ffb1ccb0000 - 0x00007ffb1cd2b000 	C:\WINDOWS\System32\bcryptPrimitives.dll
0x00007ffb0a7d0000 - 0x00007ffb0a7ee000 	C:\Program Files\Apache NetBeans\jdk\bin\java.dll
0x00007ffb1cf90000 - 0x00007ffb1d131000 	C:\WINDOWS\System32\ole32.dll
0x00007ffb1d570000 - 0x00007ffb1de0c000 	C:\WINDOWS\System32\SHELL32.dll
0x00007ffb1c900000 - 0x00007ffb1ca3f000 	C:\WINDOWS\System32\wintypes.dll

JVMTI agents: none

dbghelp: loaded successfully - version: 4.0.5 - missing functions: none
symbol engine: initialized successfully - sym options: 0x614 - pdb path: .;C:\Program Files\Apache NetBeans\jdk\bin;C:\WINDOWS\SYSTEM32;C:\WINDOWS\WinSxS\amd64_microsoft.windows.common-controls_6595b64144ccf1df_6.0.22621.6060_none_2712eda17382d24b;C:\Program Files\Apache NetBeans\jdk\bin\server

VM Arguments:
jvm_args: -Dfile.encoding=UTF-8 --module-path=D:\Pgramin\Java\Bank management system\bankManagment\build\classes 
java_command: bankmanagment.Login
java_class_path (initial): C:\Users\USER\Downloads\jcalendar-1.4.jar;C:\Users\USER\Downloads\mysql-connector-java-8.0.28.jar;D:\Pgramin\Java\Bank management system\bankManagment\build\classes
Launcher Type: SUN_STANDARD

[Global flags]
     intx CICompilerCount                          = 4                                         {product} {ergonomic}
     uint ConcGCThreads                            = 3                                         {product} {ergonomic}
     uint G1ConcRefinementThreads                  = 10                                        {product} {ergonomic}
   size_t G1HeapRegionSize                         = 2097152                                   {product} {ergonomic}
   size_t InitialHeapSize                          = 257949696                                 {product} {ergonomic}
   size_t MarkStackSize                            = 4194304                                   {product} {ergonomic}
   size_t MarkStackSizeMax                         = 536870912                                 {product} {ergonomic}
   size_t MaxHeapSize                              = 4106223616                                {product} {ergonomic}
   size_t MinHeapDeltaBytes                        = 2097152                                   {product} {ergonomic}
   size_t MinHeapSize                              = 8388608                                   {product} {ergonomic}
    uintx NonNMethodCodeHeapSize                   = 5832704                                {pd product} {ergonomic}
    uintx NonProfiledCodeHeapSize                  = 122945536                              {pd product} {ergonomic}
    uintx ProfiledCodeHeapSize                     = 122880000                              {pd product} {ergonomic}
    uintx ReservedCodeCacheSize                    = 251658240                              {pd product} {ergonomic}
     bool SegmentedCodeCache                       = true                                      {product} {ergonomic}
   size_t SoftMaxHeapSize                          = 4106223616                             {manageable} {ergonomic}
     bool UseCompressedOops                        = true                           {product lp64_product} {ergonomic}
     bool UseG1GC                                  = true                                      {product} {ergonomic}
     bool UseLargePagesIndividualAllocation        = false                                  {pd product} {ergonomic}

Logging:
Log output configuration:
 #0: stdout all=warning uptime,level,tags foldmultilines=false
 #1: stderr all=off uptime,level,tags foldmultilines=false

Release file:
<release file has not been read>
Environment Variables:
PATH=C:\Program Files\Common Files\Oracle\Java\javapath;C:\WINDOWS\system32;C:\WINDOWS;C:\WINDOWS\System32\Wbem;C:\WINDOWS\System32\WindowsPowerShell\v1.0\;C:\WINDOWS\System32\OpenSSH\;C:\Program Files\Git\cmd;C:\Program Files\nodejs\;C:\MinGW\bin;C:\Program Files\Java\jdk-26.0.1\bin;C:\Users\USER\AppData\Local\Programs\Python\Python312\Scripts\;C:\Users\USER\AppData\Local\Programs\Python\Python312\;C:\Users\USER\AppData\Local\Microsoft\WindowsApps;;C:\Users\USER\AppData\Local\Programs\Microsoft VS Code\bin;C:\Users\USER\AppData\Roaming\npm;C:\Program Files\Apache NetBeans\bin\
USERNAME=USER
OS=Windows_NT
PROCESSOR_IDENTIFIER=AMD64 Family 25 Model 80 Stepping 0, AuthenticAMD
TMP=C:\Users\USER\AppData\Local\Temp
TEMP=C:\Users\USER\AppData\Local\Temp




Compilation memory statistics disabled.

Periodic native trim disabled

---------------  S Y S T E M  ---------------

OS:
 Windows 11 , 64 bit Build 22621 (10.0.22621.5415)
OS uptime: 0 days 18:56 hours

CPU: total 12 (initial active 12) (12 cores per cpu, 2 threads per core) family 25 model 80 stepping 0 microcode 0x0, cx8, cmov, fxsr, ht, mmx, 3dnowpref, sse, sse2, sse3, ssse3, sse4a, sse4.1, sse4.2, popcnt, lzcnt, tsc, tscinvbit, avx, avx2, aes, erms, clmul, bmi1, bmi2, adx, sha, fma, vzeroupper, clflush, clflushopt, clwb, rdtscp, rdpid, fsrm, f16c, pku, cet_ss
Processor Information for the first 12 processors :
  Max Mhz: 3901, Current Mhz: 3901, Mhz Limit: 3901

Memory: 4k page, system-wide physical 15663M (3626M free)
TotalPageFile size 19759M (AvailPageFile size 84M)
current process WorkingSet (physical memory assigned to process): 12M, peak: 12M
current process commit charge ("private bytes"): 65M, peak: 310M

vm_info: OpenJDK 64-Bit Server VM (25.0.2+10-LTS) for windows-amd64 JRE (25.0.2+10-LTS), built on 2026-01-20T00:00:00Z with MS VC++ 17.12 (VS2022)

END.
